-------------------------------------------------------------------------------
Test set: runner.TestRunner
-------------------------------------------------------------------------------
Tests run: 2, Failures: 2, Errors: 0, Skipped: 0, Time elapsed: 1.782 sec <<< FAILURE! - in runner.TestRunner
runScenario(runner.TestRunner)  Time elapsed: 0.25 sec  <<< FAILURE!
java.lang.NullPointerException

runScenario(runner.TestRunner)  Time elapsed: 0.01 sec  <<< FAILURE!
java.lang.NullPointerException

